Sun Jul 24 11:40:59 IST 2016  [debug] AvalonLogSystem initialized using logfile 'velocity.log'
Sun Jul 24 11:40:59 IST 2016   [info] ************************************************************** 
Sun Jul 24 11:40:59 IST 2016   [info] Starting Jakarta Velocity v1.4
Sun Jul 24 11:40:59 IST 2016   [info] RuntimeInstance initializing.
Sun Jul 24 11:40:59 IST 2016   [info] Default Properties File: org\apache\velocity\runtime\defaults\velocity.properties
Sun Jul 24 11:40:59 IST 2016   [info] Trying to use logger class org.apache.velocity.runtime.log.AvalonLogSystem
Sun Jul 24 11:40:59 IST 2016   [info] Using logger class org.apache.velocity.runtime.log.AvalonLogSystem
Sun Jul 24 11:40:59 IST 2016   [info] Default ResourceManager initializing. (class org.apache.velocity.runtime.resource.ResourceManagerImpl)
Sun Jul 24 11:40:59 IST 2016   [info] Resource Loader Instantiated: org.apache.velocity.runtime.resource.loader.ClasspathResourceLoader
Sun Jul 24 11:40:59 IST 2016   [info] ClasspathResourceLoader : initialization starting.
Sun Jul 24 11:40:59 IST 2016   [info] ClasspathResourceLoader : initialization complete.
Sun Jul 24 11:40:59 IST 2016   [info] ResourceCache : initialized. (class org.apache.velocity.runtime.resource.ResourceCacheImpl)
Sun Jul 24 11:40:59 IST 2016   [info] Default ResourceManager initialization complete.
Sun Jul 24 11:40:59 IST 2016   [info] Loaded System Directive: org.apache.velocity.runtime.directive.Literal
Sun Jul 24 11:40:59 IST 2016   [info] Loaded System Directive: org.apache.velocity.runtime.directive.Macro
Sun Jul 24 11:40:59 IST 2016   [info] Loaded System Directive: org.apache.velocity.runtime.directive.Parse
Sun Jul 24 11:40:59 IST 2016   [info] Loaded System Directive: org.apache.velocity.runtime.directive.Include
Sun Jul 24 11:40:59 IST 2016   [info] Loaded System Directive: org.apache.velocity.runtime.directive.Foreach
Sun Jul 24 11:40:59 IST 2016   [info] Created: 20 parsers.
Sun Jul 24 11:40:59 IST 2016   [info] Velocimacro : initialization starting.
Sun Jul 24 11:40:59 IST 2016   [info] Velocimacro : adding VMs from VM library template : VM_global_library.vm
Sun Jul 24 11:40:59 IST 2016  [error] ResourceManager : unable to find resource 'VM_global_library.vm' in any resource loader.
Sun Jul 24 11:40:59 IST 2016   [info] Velocimacro : error using  VM library template VM_global_library.vm : org.apache.velocity.exception.ResourceNotFoundException: Unable to find resource 'VM_global_library.vm'
Sun Jul 24 11:40:59 IST 2016   [info] Velocimacro :  VM library template macro registration complete.
Sun Jul 24 11:40:59 IST 2016   [info] Velocimacro : allowInline = true : VMs can be defined inline in templates
Sun Jul 24 11:40:59 IST 2016   [info] Velocimacro : allowInlineToOverride = false : VMs defined inline may NOT replace previous VM definitions
Sun Jul 24 11:40:59 IST 2016   [info] Velocimacro : allowInlineLocal = false : VMs defined inline will be  global in scope if allowed.
Sun Jul 24 11:40:59 IST 2016   [info] Velocimacro : messages on  : VM system will output logging messages
Sun Jul 24 11:40:59 IST 2016   [info] Velocimacro : autoload off  : VM system will not automatically reload global library macros
Sun Jul 24 11:40:59 IST 2016   [info] Velocimacro : initialization complete.
Sun Jul 24 11:40:59 IST 2016   [info] Velocity successfully started.
Sun Jul 24 11:41:48 IST 2016   [info] ResourceManager : found org/uncommons/reportng/templates/xml/results.xml.vm with loader org.apache.velocity.runtime.resource.loader.ClasspathResourceLoader
Sun Jul 24 11:41:48 IST 2016   [info] ResourceManager : found org/uncommons/reportng/templates/xml/results.xml.vm with loader org.apache.velocity.runtime.resource.loader.ClasspathResourceLoader
Sun Jul 24 11:41:48 IST 2016   [info] ResourceManager : found org/uncommons/reportng/templates/html/index.html.vm with loader org.apache.velocity.runtime.resource.loader.ClasspathResourceLoader
Sun Jul 24 11:41:48 IST 2016   [info] ResourceManager : found org/uncommons/reportng/templates/html/overview.html.vm with loader org.apache.velocity.runtime.resource.loader.ClasspathResourceLoader
Sun Jul 24 11:41:48 IST 2016   [info] ResourceManager : found org/uncommons/reportng/templates/html/suites.html.vm with loader org.apache.velocity.runtime.resource.loader.ClasspathResourceLoader
Sun Jul 24 11:41:48 IST 2016   [info] ResourceManager : found org/uncommons/reportng/templates/html/groups.html.vm with loader org.apache.velocity.runtime.resource.loader.ClasspathResourceLoader
Sun Jul 24 11:41:48 IST 2016   [info] ResourceManager : found org/uncommons/reportng/templates/html/results.html.vm with loader org.apache.velocity.runtime.resource.loader.ClasspathResourceLoader
Sun Jul 24 11:41:48 IST 2016   [info] ResourceManager : found org/uncommons/reportng/templates/html/class-results.html.vm with loader org.apache.velocity.runtime.resource.loader.ClasspathResourceLoader
Sun Jul 24 11:41:48 IST 2016   [info] ResourceManager : found org/uncommons/reportng/templates/html/class-results.html.vm with loader org.apache.velocity.runtime.resource.loader.ClasspathResourceLoader
